Product projects
---------------------------------------
D:\Dakota\OneDriveOU\School\CS3560\repos\3560-Project-Spring2021\UnityEngine.TestRunner.csproj
D:\Dakota\OneDriveOU\School\CS3560\repos\3560-Project-Spring2021\Unity.Settings.Editor.csproj
D:\Dakota\OneDriveOU\School\CS3560\repos\3560-Project-Spring2021\Unity.ProBuilder.KdTree.csproj
D:\Dakota\OneDriveOU\School\CS3560\repos\3560-Project-Spring2021\Unity.RenderPipelines.ShaderGraph.ShaderGraphLibrary.csproj
D:\Dakota\OneDriveOU\School\CS3560\repos\3560-Project-Spring2021\Unity.Searcher.Editor.csproj
D:\Dakota\OneDriveOU\School\CS3560\repos\3560-Project-Spring2021\Unity.RenderPipelines.Universal.Shaders.csproj
D:\Dakota\OneDriveOU\School\CS3560\repos\3560-Project-Spring2021\Unity.Timeline.csproj
D:\Dakota\OneDriveOU\School\CS3560\repos\3560-Project-Spring2021\Unity.ProBuilder.Poly2Tri.csproj
D:\Dakota\OneDriveOU\School\CS3560\repos\3560-Project-Spring2021\Unity.ProBuilder.Csg.csproj
D:\Dakota\OneDriveOU\School\CS3560\repos\3560-Project-Spring2021\Unity.Mathematics.csproj
D:\Dakota\OneDriveOU\School\CS3560\repos\3560-Project-Spring2021\Unity.ProBuilder.Stl.csproj
D:\Dakota\OneDriveOU\School\CS3560\repos\3560-Project-Spring2021\UnityEditor.TestRunner.csproj
D:\Dakota\OneDriveOU\School\CS3560\repos\3560-Project-Spring2021\Unity.TextMeshPro.csproj
D:\Dakota\OneDriveOU\School\CS3560\repos\3560-Project-Spring2021\Unity.ProBuilder.AssetIdRemapUtility.csproj
D:\Dakota\OneDriveOU\School\CS3560\repos\3560-Project-Spring2021\NickAssembly.csproj
D:\Dakota\OneDriveOU\School\CS3560\repos\3560-Project-Spring2021\InputAssembly.csproj
D:\Dakota\OneDriveOU\School\CS3560\repos\3560-Project-Spring2021\Unity.RenderPipelines.Core.Runtime.csproj
D:\Dakota\OneDriveOU\School\CS3560\repos\3560-Project-Spring2021\EditMode.csproj
D:\Dakota\OneDriveOU\School\CS3560\repos\3560-Project-Spring2021\Unity.Mathematics.Editor.csproj
D:\Dakota\OneDriveOU\School\CS3560\repos\3560-Project-Spring2021\Unity.CollabProxy.Editor.csproj
D:\Dakota\OneDriveOU\School\CS3560\repos\3560-Project-Spring2021\Unity.ProBuilder.csproj
D:\Dakota\OneDriveOU\School\CS3560\repos\3560-Project-Spring2021\Unity.TextMeshPro.Editor.csproj
D:\Dakota\OneDriveOU\School\CS3560\repos\3560-Project-Spring2021\DakotaAssembly.csproj
D:\Dakota\OneDriveOU\School\CS3560\repos\3560-Project-Spring2021\Unity.RenderPipelines.Core.Editor.csproj
D:\Dakota\OneDriveOU\School\CS3560\repos\3560-Project-Spring2021\PlayMode.csproj
D:\Dakota\OneDriveOU\School\CS3560\repos\3560-Project-Spring2021\Unity.RenderPipeline.Universal.ShaderLibrary.csproj
D:\Dakota\OneDriveOU\School\CS3560\repos\3560-Project-Spring2021\Unity.RenderPipelines.Universal.Runtime.csproj
D:\Dakota\OneDriveOU\School\CS3560\repos\3560-Project-Spring2021\Unity.ShaderGraph.Editor.csproj
D:\Dakota\OneDriveOU\School\CS3560\repos\3560-Project-Spring2021\Unity.Timeline.Editor.csproj
D:\Dakota\OneDriveOU\School\CS3560\repos\3560-Project-Spring2021\Unity.ProBuilder.Editor.csproj
D:\Dakota\OneDriveOU\School\CS3560\repos\3560-Project-Spring2021\Unity.RenderPipelines.Universal.Editor.csproj
D:\Dakota\OneDriveOU\School\CS3560\repos\3560-Project-Spring2021\Unity.ProBuilder.AddOns.Editor.csproj
D:\Dakota\OneDriveOU\School\CS3560\repos\3560-Project-Spring2021\Unity.VisualStudio.Editor.csproj
D:\Dakota\OneDriveOU\School\CS3560\repos\3560-Project-Spring2021\Assembly-CSharp.csproj
D:\Dakota\OneDriveOU\School\CS3560\repos\3560-Project-Spring2021\Unity.InputSystem.csproj
D:\Dakota\OneDriveOU\School\CS3560\repos\3560-Project-Spring2021\Unity.VSCode.Editor.csproj
D:\Dakota\OneDriveOU\School\CS3560\repos\3560-Project-Spring2021\Unity.Rider.Editor.csproj
D:\Dakota\OneDriveOU\School\CS3560\repos\3560-Project-Spring2021\Unity.ShaderGraph.Utilities.csproj
D:\Dakota\OneDriveOU\School\CS3560\repos\3560-Project-Spring2021\Unity.RenderPipelines.Core.ShaderLibrary.csproj


Test projects
---------------------------------------


Invalid projects
---------------------------------------
{none}


Skipped projects
---------------------------------------
D:\Dakota\OneDriveOU\School\CS3560\repos\3560-Project-Spring2021\UnityEngine.UI.csproj
D:\Dakota\OneDriveOU\School\CS3560\repos\3560-Project-Spring2021\UnityEditor.UI.csproj


Excluded projects
---------------------------------------
{none}


